C:\USERS\LINDA\DESKTOP\DISPARITYCALCULATION\DEBUG\BITMAPCREATOR.OBJ
C:\Users\linda\Desktop\DisparityCalculation\Debug\Calibration.obj
C:\USERS\LINDA\DESKTOP\DISPARITYCALCULATION\DEBUG\CALIHELPER.OBJ
C:\Users\linda\Desktop\DisparityCalculation\Debug\cl.command.1.tlog
C:\Users\linda\Desktop\DisparityCalculation\Debug\CL.read.1.tlog
C:\Users\linda\Desktop\DisparityCalculation\Debug\CL.write.1.tlog
C:\Users\linda\Desktop\DisparityCalculation\Debug\DisparityCalculation.exe.embed.manifest
C:\USERS\LINDA\DESKTOP\DISPARITYCALCULATION\DEBUG\DISPARITYCALCULATION.EXE.EMBED.MANIFEST.RES
C:\Users\linda\Desktop\DisparityCalculation\Debug\DisparityCalculation.exe.intermediate.manifest
C:\Users\linda\Desktop\DisparityCalculation\Debug\DisparityCalculation.pdb
C:\Users\linda\Desktop\DisparityCalculation\Debug\DisparityCalculation.vcxprojResolveAssemblyReference.cache
C:\Users\linda\Desktop\DisparityCalculation\Debug\DisparityCalculation.write.1.tlog
C:\Users\linda\Desktop\DisparityCalculation\Debug\DisparityCalculation_manifest.rc
C:\USERS\LINDA\DESKTOP\DISPARITYCALCULATION\DEBUG\LCR_COMMAND_PACKETIZER.OBJ
C:\USERS\LINDA\DESKTOP\DISPARITYCALCULATION\DEBUG\LCR_COMMANDER.OBJ
C:\USERS\LINDA\DESKTOP\DISPARITYCALCULATION\DEBUG\LIGHTCRAFTER.OBJ
C:\Users\linda\Desktop\DisparityCalculation\Debug\link.1952.read.1.tlog
C:\Users\linda\Desktop\DisparityCalculation\Debug\link.1952.write.1.tlog
C:\Users\linda\Desktop\DisparityCalculation\Debug\link.1952-cvtres.read.1.tlog
C:\Users\linda\Desktop\DisparityCalculation\Debug\link.1952-cvtres.write.1.tlog
C:\Users\linda\Desktop\DisparityCalculation\Debug\link.2988.read.1.tlog
C:\Users\linda\Desktop\DisparityCalculation\Debug\link.2988.write.1.tlog
C:\Users\linda\Desktop\DisparityCalculation\Debug\link.2988-cvtres.read.1.tlog
C:\Users\linda\Desktop\DisparityCalculation\Debug\link.2988-cvtres.write.1.tlog
C:\Users\linda\Desktop\DisparityCalculation\Debug\link.3356.read.1.tlog
C:\Users\linda\Desktop\DisparityCalculation\Debug\link.3356.write.1.tlog
C:\Users\linda\Desktop\DisparityCalculation\Debug\link.3356-cvtres.read.1.tlog
C:\Users\linda\Desktop\DisparityCalculation\Debug\link.3356-cvtres.write.1.tlog
C:\Users\linda\Desktop\DisparityCalculation\Debug\link.3852.read.1.tlog
C:\Users\linda\Desktop\DisparityCalculation\Debug\link.3852.write.1.tlog
C:\Users\linda\Desktop\DisparityCalculation\Debug\link.3852-cvtres.read.1.tlog
C:\Users\linda\Desktop\DisparityCalculation\Debug\link.3852-cvtres.write.1.tlog
C:\Users\linda\Desktop\DisparityCalculation\Debug\link.4008.read.1.tlog
C:\Users\linda\Desktop\DisparityCalculation\Debug\link.4008.write.1.tlog
C:\Users\linda\Desktop\DisparityCalculation\Debug\link.4008-cvtres.read.1.tlog
C:\Users\linda\Desktop\DisparityCalculation\Debug\link.4008-cvtres.write.1.tlog
C:\Users\linda\Desktop\DisparityCalculation\Debug\link.4076.read.1.tlog
C:\Users\linda\Desktop\DisparityCalculation\Debug\link.4076.write.1.tlog
C:\Users\linda\Desktop\DisparityCalculation\Debug\link.4076-cvtres.read.1.tlog
C:\Users\linda\Desktop\DisparityCalculation\Debug\link.4076-cvtres.write.1.tlog
C:\Users\linda\Desktop\DisparityCalculation\Debug\link.5720.read.1.tlog
C:\Users\linda\Desktop\DisparityCalculation\Debug\link.5720.write.1.tlog
C:\Users\linda\Desktop\DisparityCalculation\Debug\link.5720-cvtres.read.1.tlog
C:\Users\linda\Desktop\DisparityCalculation\Debug\link.5720-cvtres.write.1.tlog
C:\Users\linda\Desktop\DisparityCalculation\Debug\link.7044.read.1.tlog
C:\Users\linda\Desktop\DisparityCalculation\Debug\link.7044.write.1.tlog
C:\Users\linda\Desktop\DisparityCalculation\Debug\link.7044-cvtres.read.1.tlog
C:\Users\linda\Desktop\DisparityCalculation\Debug\link.7044-cvtres.write.1.tlog
C:\Users\linda\Desktop\DisparityCalculation\Debug\link.8164.read.1.tlog
C:\Users\linda\Desktop\DisparityCalculation\Debug\link.8164.write.1.tlog
C:\Users\linda\Desktop\DisparityCalculation\Debug\link.8164-cvtres.read.1.tlog
C:\Users\linda\Desktop\DisparityCalculation\Debug\link.8164-cvtres.write.1.tlog
C:\Users\linda\Desktop\DisparityCalculation\Debug\link.command.1.tlog
C:\Users\linda\Desktop\DisparityCalculation\Debug\link.read.1.tlog
C:\Users\linda\Desktop\DisparityCalculation\Debug\link.write.1.tlog
C:\Users\linda\Desktop\DisparityCalculation\Debug\link-cvtres.read.1.tlog
C:\Users\linda\Desktop\DisparityCalculation\Debug\link-cvtres.write.1.tlog
C:\USERS\LINDA\DESKTOP\DISPARITYCALCULATION\DEBUG\MAIN.OBJ
C:\Users\linda\Desktop\DisparityCalculation\Debug\mt.command.1.tlog
C:\Users\linda\Desktop\DisparityCalculation\Debug\mt.read.1.tlog
C:\Users\linda\Desktop\DisparityCalculation\Debug\mt.write.1.tlog
C:\USERS\LINDA\DESKTOP\DISPARITYCALCULATION\DEBUG\PGCAM.OBJ
C:\Users\linda\Desktop\DisparityCalculation\Debug\rc.command.1.tlog
C:\Users\linda\Desktop\DisparityCalculation\Debug\rc.read.1.tlog
C:\Users\linda\Desktop\DisparityCalculation\Debug\rc.write.1.tlog
C:\USERS\LINDA\DESKTOP\DISPARITYCALCULATION\DEBUG\TCP.OBJ
C:\Users\linda\Desktop\DisparityCalculation\Debug\vc100.idb
C:\USERS\LINDA\DESKTOP\DISPARITYCALCULATION\DEBUG\VC100.PDB
C:\USERS\LINDA\DESKTOP\DISPARITYCALCULATION\DEBUG\WCALIBRATION.OBJ
C:\USERS\LINDA\DROPBOX\STEREO\DISPARITYCALCULATION\DEBUG\BITMAPCREATOR.OBJ
C:\USERS\LINDA\DROPBOX\STEREO\DISPARITYCALCULATION\DEBUG\CALIHELPER.OBJ
C:\USERS\LINDA\DROPBOX\STEREO\DISPARITYCALCULATION\DEBUG\DISPARITYCALCULATION.EXE
C:\USERS\LINDA\DROPBOX\STEREO\DISPARITYCALCULATION\DEBUG\DISPARITYCALCULATION.EXE.EMBED.MANIFEST
C:\USERS\LINDA\DROPBOX\STEREO\DISPARITYCALCULATION\DEBUG\DISPARITYCALCULATION.EXE.EMBED.MANIFEST.RES
C:\USERS\LINDA\DROPBOX\STEREO\DISPARITYCALCULATION\DEBUG\DISPARITYCALCULATION.EXE.INTERMEDIATE.MANIFEST
C:\USERS\LINDA\DROPBOX\STEREO\DISPARITYCALCULATION\DEBUG\DISPARITYCALCULATION.ILK
C:\USERS\LINDA\DROPBOX\STEREO\DISPARITYCALCULATION\DEBUG\DISPARITYCALCULATION.PDB
C:\USERS\LINDA\DROPBOX\STEREO\DISPARITYCALCULATION\DEBUG\LCR_COMMAND_PACKETIZER.OBJ
C:\USERS\LINDA\DROPBOX\STEREO\DISPARITYCALCULATION\DEBUG\LCR_COMMANDER.OBJ
C:\USERS\LINDA\DROPBOX\STEREO\DISPARITYCALCULATION\DEBUG\LIGHTCRAFTER.OBJ
C:\USERS\LINDA\DROPBOX\STEREO\DISPARITYCALCULATION\DEBUG\MAIN.OBJ
C:\USERS\LINDA\DROPBOX\STEREO\DISPARITYCALCULATION\DEBUG\PGCAM.OBJ
C:\USERS\LINDA\DROPBOX\STEREO\DISPARITYCALCULATION\DEBUG\TCP.OBJ
C:\USERS\LINDA\DROPBOX\STEREO\DISPARITYCALCULATION\DEBUG\VC100.PDB
C:\USERS\LINDA\DROPBOX\STEREO\DISPARITYCALCULATION\DEBUG\WCALIBRATION.OBJ
C:\USERS\SONG\WORKSPACE\VINCENT\DROPBOX\DROPBOX\STEREO\DISPARITYCALCULATION\DEBUG\BITMAPCREATOR.OBJ
C:\USERS\SONG\WORKSPACE\VINCENT\DROPBOX\DROPBOX\STEREO\DISPARITYCALCULATION\DEBUG\CALIHELPER.OBJ
C:\USERS\SONG\WORKSPACE\VINCENT\DROPBOX\DROPBOX\STEREO\DISPARITYCALCULATION\DEBUG\DISPARITYCALCULATION.EXE
C:\USERS\SONG\WORKSPACE\VINCENT\DROPBOX\DROPBOX\STEREO\DISPARITYCALCULATION\DEBUG\DISPARITYCALCULATION.EXE.EMBED.MANIFEST.RES
C:\USERS\SONG\WORKSPACE\VINCENT\DROPBOX\DROPBOX\STEREO\DISPARITYCALCULATION\DEBUG\DISPARITYCALCULATION.EXE.INTERMEDIATE.MANIFEST
C:\USERS\SONG\WORKSPACE\VINCENT\DROPBOX\DROPBOX\STEREO\DISPARITYCALCULATION\DEBUG\DISPARITYCALCULATION.ILK
C:\USERS\SONG\WORKSPACE\VINCENT\DROPBOX\DROPBOX\STEREO\DISPARITYCALCULATION\DEBUG\DISPARITYCALCULATION.PDB
C:\USERS\SONG\WORKSPACE\VINCENT\DROPBOX\DROPBOX\STEREO\DISPARITYCALCULATION\DEBUG\LCR_COMMAND_PACKETIZER.OBJ
C:\USERS\SONG\WORKSPACE\VINCENT\DROPBOX\DROPBOX\STEREO\DISPARITYCALCULATION\DEBUG\LCR_COMMANDER.OBJ
C:\USERS\SONG\WORKSPACE\VINCENT\DROPBOX\DROPBOX\STEREO\DISPARITYCALCULATION\DEBUG\LIGHTCRAFTER.OBJ
C:\USERS\SONG\WORKSPACE\VINCENT\DROPBOX\DROPBOX\STEREO\DISPARITYCALCULATION\DEBUG\MAIN.OBJ
C:\USERS\SONG\WORKSPACE\VINCENT\DROPBOX\DROPBOX\STEREO\DISPARITYCALCULATION\DEBUG\PGCAM.OBJ
C:\USERS\SONG\WORKSPACE\VINCENT\DROPBOX\DROPBOX\STEREO\DISPARITYCALCULATION\DEBUG\TCP.OBJ
C:\USERS\SONG\WORKSPACE\VINCENT\DROPBOX\DROPBOX\STEREO\DISPARITYCALCULATION\DEBUG\VC100.PDB
C:\USERS\SONG\WORKSPACE\VINCENT\DROPBOX\DROPBOX\STEREO\DISPARITYCALCULATION\DEBUG\WCALIBRATION.OBJ
